[
 {
  "Error": {},
  "Frames": [
   {
    "Time": 71,
    "Turn": 0
   },
   {
    "Commands": [
     {
      "angle": 115,
      "magnitude": 4,
      "owner": 0,
      "queue_number": 0,
      "shipId": 0,
      "type": "thrust"
     },
     {
      "angle": 113,
      "magnitude": 4,
      "owner": 0,
      "queue_number": 0,
      "shipId": 1,
      "type": "thrust"
     },
     {
      "angle": 85,
      "magnitude": 4,
      "owner": 0,
      "queue_number": 0,
      "shipId": 2,
      "type": "thrust"
     }
    ],
    "Planets": null,
    "Ships": [
     {
      "cooldown": 0,
      "docking": {
       "status": "undocked"
      },
      "health": 255,
      "id": 0,
      "owner": 0,
      "vel_x": 0.0,
      "vel_y": 0.0,
      "x": 178.309526953037,
      "y": 63.6252311481466
     },
     {
      "cooldown": 0,
      "docking": {
       "status": "undocked"
      },
      "health": 255,
      "id": 1,
      "owner": 0,
      "vel_x": 0.0,
      "vel_y": 0.0,
      "x": 178.437075486043,
      "y": 60.6820194138098
     },
     {
      "cooldown": 0,
      "docking": {
       "status": "undocked"
      },
      "health": 255,
      "id": 2,
      "owner": 0,
      "vel_x": 0.0,
      "vel_y": 0.0,
      "x": 180.348622970991,
      "y": 66.984778792367
     }
    ],
    "Time": 12,
    "Turn": 1
   }
  ],
  "PlayerID": 0,
  "PlayerName": "Tester"
 },
 {
  "Error": {
   "Message": "ERRORED! Response received (if any): ",
   "Turn": 1
  },
  "Frames": [
   {
    "Time": 46,
    "Turn": 0
   },
   null
  ],
  "PlayerID": 1,
  "PlayerName": "python: can't open file 'Alpha"
 }
]
