[
 {
  "Error": {},
  "Frames": [
   {
    "Time": 110,
    "Turn": 0
   },
   {
    "Commands": [
     {
      "angle": 116,
      "magnitude": 4,
      "owner": 0,
      "queue_number": 0,
      "shipId": 0,
      "type": "thrust"
     },
     {
      "angle": 114,
      "magnitude": 4,
      "owner": 0,
      "queue_number": 0,
      "shipId": 1,
      "type": "thrust"
     },
     {
      "angle": 85,
      "magnitude": 4,
      "owner": 0,
      "queue_number": 0,
      "shipId": 2,
      "type": "thrust"
     }
    ],
    "Planets": null,
    "Ships": [
     {
      "cooldown": 0,
      "docking": {
       "status": "undocked"
      },
      "health": 255,
      "id": 0,
      "owner": 0,
      "vel_x": 0.0,
      "vel_y": 0.0,
      "x": 166.246515412844,
      "y": 59.5951761851967
     },
     {
      "cooldown": 0,
      "docking": {
       "status": "undocked"
      },
      "health": 255,
      "id": 1,
      "owner": 0,
      "vel_x": 0.0,
      "vel_y": 0.0,
      "x": 166.373053427697,
      "y": 56.6541818305704
     },
     {
      "cooldown": 0,
      "docking": {
       "status": "undocked"
      },
      "health": 255,
      "id": 2,
      "owner": 0,
      "vel_x": 0.0,
      "vel_y": 0.0,
      "x": 168.348622970991,
      "y": 62.984778792367
     }
    ],
    "Time": 10,
    "Turn": 1
   }
  ],
  "PlayerID": 0,
  "PlayerName": "Tester"
 },
 {
  "Error": {
   "Message": "ERRORED! Response received (if any): ",
   "Turn": 1
  },
  "Frames": [
   {
    "Time": 73,
    "Turn": 0
   },
   null
  ],
  "PlayerID": 1,
  "PlayerName": "python: can't open file 'Kappa"
 }
]
